
  ___  ____  ____  ____  ____ ®
 /__    /   ____/   /   ____/      StataNow 18.5
___/   /   /___/   /   /___/       SE—Standard Edition

 Statistics and Data Science       Copyright 1985-2023 StataCorp LLC
                                   StataCorp
                                   4905 Lakeway Drive
                                   College Station, Texas 77845 USA
                                   800-782-8272        https://www.stata.com
                                   979-696-4600        service@stata.com

Stata license: Unlimited-user network, expiring 30 Jun 2025
Serial number: 401809303522
  Licensed to: Victor Ortega
               UNAM

Notes:
      1. Stata is running in batch mode.
      2. Unicode is supported; see help unicode_advice.
      3. Maximum number of variables is set to 5,000 but can be increased;
          see help set_maxvar.

. do "descriptivetables.do" 

. *************************************************
. ***************** Clean Memory ******************
. *************************************************
. 
. clear

. cap clear

. cap log close

. set more off

. 
. *** REPLICATION FILE: descriptivetables
. *** STATA VERSION: 18/SE
. *** AUTHOR: Victor Alfonso Ortega Le Hénanff
. *** EMAIL: vincictor33@gmail.com
. *** DATE: 2025-02-16
. 
. *************************************************
. **************** Load + Globals *****************
. *************************************************
. 
. global project="/Users/victorortega/Dropbox/mw_ethnic/enighdata/output"

. global output="/Users/victorortega/Dropbox/mw_ethnic/tables/output"

. 
. use "../input/enighdata.dta", clear

. use "$project/enighdata.dta", clear

. 
. *************************************************
. ******************* Table 1 *********************
. *************************************************
. 
. eststo allunits: quietly estpost summarize ///
>     edad gender school_attendance employed hoursworked years_of_study indspea
> ker indund indigenous ///
>     lnw lni lnr lnv lno lnn lnnwi lngt lnfc

. eststo treat: quietly estpost summarize ///
>     edad gender school_attendance employed hoursworked years_of_study indspea
> ker indund indigenous ///
>     lnw lni lnr lnv lno lnn lnnwi lngt lnfc if zona_a == 1

. eststo control: quietly estpost summarize ///
>     edad gender school_attendance employed hoursworked years_of_study indspea
> ker indund indigenous ///
>     lnw lni lnr lnv lno lnn lnnwi lngt lnfc if zona_a == 0

. eststo diff: quietly estpost ttest ///
>     edad gender school_attendance employed hoursworked years_of_study indspea
> ker indund indigenous ///
>     lnw lni lnr lnv lno lnn lnnwi lngt lnfc, by(zona_a) unequal

. 
. esttab allunits treat control diff using "../output/table1.tex", ///
>     style(tex) ///
>     cells("mean(pattern(1 1 1 0) fmt(2)) b(star pattern(0 0 0 1) fmt(2)) t(pa
> ttern(0 0 0 1) par fmt(2))") ///
>         label replace ///
>         varlabels(edad "Age" ///
>                   gender "Female" ///
>           school_attendance "In School" ///
>           employed "Employed" ///
>           hoursworked "Hours Worked" ///
>           years_of_study "Years of Schooling" ///
>           indspeaker "Indigenous Speaker" ///
>           indund "Understands Indigenous" ///
>           indigenous "Self-Identified Indigenous" ///
>           lnw "Log Wages" ///
>           lni "Log Income" ///
>           lnr "Log Rent Income" ///
>           lnv "Log Sales Income" ///
>           lno "Log Other Income" ///
>           lnn "Log Business Income" ///
>           lnnwi "Log Non-Wage Income" ///
>           lngt "Log Government Transfers" ///
>           lnfc "Log Financial Capital Income") ///
>     collabels(none) ///
>     mlabels("All Units" "Treated" "Control" "Difference")
(output written to ../output/table1.tex)

.         
. *************************************************
. ******************* Table 2 *********************
. *************************************************
. 
. tab indlang if inrange(time, td(01jan2016), td(31dec2016)), sort

  indigenous language spoken |      Freq.     Percent        Cum.
-----------------------------+-----------------------------------
                        Maya |     23,154       31.74       31.74
                     Náhuatl |     14,682       20.13       51.87
                     Tzotzil |      3,330        4.57       56.44
                     Tzeltal |      2,970        4.07       60.51
                       Otomí |      2,364        3.24       63.75
                     Mixteco |      1,722        2.36       66.11
                       Ch'ol |      1,362        1.87       67.98
          Zapoteco del Istmo |      1,344        1.84       69.82
                    Totonaca |      1,332        1.83       71.65
                        Mixe |      1,332        1.83       73.47
                        Mayo |      1,296        1.78       75.25
                  Tarahumara |      1,284        1.76       77.01
                    Mazateco |      1,236        1.69       78.70
          Mixteco Zona Costa |      1,134        1.55       80.26
                    Zapoteco |      1,098        1.51       81.76
           Mixteco Zona Baja |        990        1.36       83.12
                     Mazahua |        960        1.32       84.44
                        Cora |        834        1.14       85.58
          Chontal de Tabasco |        822        1.13       86.71
           Mixteco Zona Alta |        762        1.04       87.75
                   Tlapaneco |        732        1.00       88.76
                   Cuicateco |        642        0.88       89.64
             Zapoteco Sureño |        576        0.79       90.43
          Amuzgo de Guerrero |        528        0.72       91.15
                   Purépecha |        528        0.72       91.87
                    Huasteco |        468        0.64       92.51
           Zapoteco Vallista |        438        0.60       93.12
                     Huichol |        426        0.58       93.70
                     Chatino |        414        0.57       94.27
       Popoluca de la Sierra |        390        0.53       94.80
                        Pame |        372        0.51       95.31
          Zapoteco de Ixtlán |        372        0.51       95.82
            Amuzgo de Oaxaca |        324        0.44       96.27
                   Tojolabal |        318        0.44       96.70
       Chinanteco de Ojitlán |        294        0.40       97.10
                    Popoloca |        282        0.39       97.49
                        Pima |        276        0.38       97.87
                        Mame |        216        0.30       98.17
                      Triqui |        156        0.21       98.38
                       Huave |        156        0.21       98.59
                       Zoque |        150        0.21       98.80
               Non Specified |        120        0.16       98.96
         Zapoteco de Cuixtla |         78        0.11       99.07
Chinanteco de Valle Nacional |         72        0.10       99.17
                    Popoluca |         72        0.10       99.27
           Tepehuano del Sur |         66        0.09       99.36
                  Chinanteco |         42        0.06       99.42
            Chichimeca Jonaz |         42        0.06       99.47
                       Yaqui |         42        0.06       99.53
         Chinanteco de Usila |         30        0.04       99.57
           Chontal de Oaxaca |         24        0.03       99.61
       Mixteco Zona Mazateca |         24        0.03       99.64
                      Amuzgo |         24        0.03       99.67
         Tepehuano del Norte |         24        0.03       99.70
                      Kumiai |         18        0.02       99.73
                  Cakchiquel |         18        0.02       99.75
                    Guarijío |         18        0.02       99.78
                     Chontal |         18        0.02       99.80
        Chinanteco de Lalana |         12        0.02       99.82
           Mixteco de Puebla |         12        0.02       99.84
                    Ixcateco |         12        0.02       99.85
           Popoluca de Oluta |         12        0.02       99.87
      Popoluca de Texistepec |         12        0.02       99.88
                    Kanjobal |         12        0.02       99.90
                      Paipai |          6        0.01       99.91
      Chinanteco de Palantla |          6        0.01       99.92
                    Lacandón |          6        0.01       99.93
                        Chuj |          6        0.01       99.93
                        Ixil |          6        0.01       99.94
                      Quiché |          6        0.01       99.95
                      Kekchi |          6        0.01       99.96
                      Pápago |          6        0.01       99.97
                   Tepehuano |          6        0.01       99.98
                  Chiapaneco |          6        0.01       99.98
                     Tehueco |          6        0.01       99.99
                       Pipil |          6        0.01      100.00
-----------------------------+-----------------------------------
                       Total |     72,942      100.00

. 
end of do-file
