
  ___  ____  ____  ____  ____ ®
 /__    /   ____/   /   ____/      StataNow 18.5
___/   /   /___/   /   /___/       SE—Standard Edition

 Statistics and Data Science       Copyright 1985-2023 StataCorp LLC
                                   StataCorp
                                   4905 Lakeway Drive
                                   College Station, Texas 77845 USA
                                   800-782-8272        https://www.stata.com
                                   979-696-4600        service@stata.com

Stata license: Unlimited-user network, expiring 30 Jun 2025
Serial number: 401809303522
  Licensed to: Victor Ortega
               UNAM

Notes:
      1. Stata is running in batch mode.
      2. Unicode is supported; see help unicode_advice.
      3. Maximum number of variables is set to 5,000 but can be increased;
          see help set_maxvar.

. do "descriptivestatistics.do" 
file descriptivestatistics.do not found
r(601);
